<?xml version="1.0" encoding="UTF-8"?>
<testsuite xmlns:xsi="http://www.w3.org/2001/XMLSchema-instance" xsi:noNamespaceSchemaLocation="https://maven.apache.org/surefire/maven-surefire-plugin/xsd/surefire-test-report.xsd" name="TestSuite" time="11.938" tests="1" errors="0" skipped="0" failures="0">
  <properties>
    <property name="sun.desktop" value="gnome"/>
    <property name="awt.toolkit" value="sun.awt.X11.XToolkit"/>
    <property name="java.specification.version" value="11"/>
    <property name="sun.cpu.isalist" value=""/>
    <property name="sun.jnu.encoding" value="UTF-8"/>
    <property name="java.class.path" value="/home/olaszzsolti/IdeaProjects/passwordmanager/testing/target/test-classes:/home/olaszzsolti/IdeaProjects/passwordmanager/testing/target/classes:/home/olaszzsolti/.m2/repository/org/testng/testng/6.14.3/testng-6.14.3.jar:/home/olaszzsolti/.m2/repository/com/beust/jcommander/1.72/jcommander-1.72.jar:/home/olaszzsolti/.m2/repository/org/apache-extras/beanshell/bsh/2.0b6/bsh-2.0b6.jar:/home/olaszzsolti/.m2/repository/org/seleniumhq/selenium/selenium-java/3.11.0/selenium-java-3.11.0.jar:/home/olaszzsolti/.m2/repository/org/seleniumhq/selenium/selenium-api/3.11.0/selenium-api-3.11.0.jar:/home/olaszzsolti/.m2/repository/org/seleniumhq/selenium/selenium-edge-driver/3.11.0/selenium-edge-driver-3.11.0.jar:/home/olaszzsolti/.m2/repository/org/seleniumhq/selenium/selenium-firefox-driver/3.11.0/selenium-firefox-driver-3.11.0.jar:/home/olaszzsolti/.m2/repository/org/seleniumhq/selenium/selenium-ie-driver/3.11.0/selenium-ie-driver-3.11.0.jar:/home/olaszzsolti/.m2/repository/org/seleniumhq/selenium/selenium-opera-driver/3.11.0/selenium-opera-driver-3.11.0.jar:/home/olaszzsolti/.m2/repository/org/seleniumhq/selenium/selenium-remote-driver/3.11.0/selenium-remote-driver-3.11.0.jar:/home/olaszzsolti/.m2/repository/org/seleniumhq/selenium/selenium-safari-driver/3.11.0/selenium-safari-driver-3.11.0.jar:/home/olaszzsolti/.m2/repository/org/seleniumhq/selenium/selenium-support/3.11.0/selenium-support-3.11.0.jar:/home/olaszzsolti/.m2/repository/net/bytebuddy/byte-buddy/1.7.9/byte-buddy-1.7.9.jar:/home/olaszzsolti/.m2/repository/org/apache/commons/commons-exec/1.3/commons-exec-1.3.jar:/home/olaszzsolti/.m2/repository/commons-codec/commons-codec/1.10/commons-codec-1.10.jar:/home/olaszzsolti/.m2/repository/commons-logging/commons-logging/1.2/commons-logging-1.2.jar:/home/olaszzsolti/.m2/repository/com/google/code/gson/gson/2.8.2/gson-2.8.2.jar:/home/olaszzsolti/.m2/repository/com/google/guava/guava/23.6-jre/guava-23.6-jre.jar:/home/olaszzsolti/.m2/repository/com/google/code/findbugs/jsr305/1.3.9/jsr305-1.3.9.jar:/home/olaszzsolti/.m2/repository/org/checkerframework/checker-compat-qual/2.0.0/checker-compat-qual-2.0.0.jar:/home/olaszzsolti/.m2/repository/com/google/errorprone/error_prone_annotations/2.1.3/error_prone_annotations-2.1.3.jar:/home/olaszzsolti/.m2/repository/com/google/j2objc/j2objc-annotations/1.1/j2objc-annotations-1.1.jar:/home/olaszzsolti/.m2/repository/org/codehaus/mojo/animal-sniffer-annotations/1.14/animal-sniffer-annotations-1.14.jar:/home/olaszzsolti/.m2/repository/org/apache/httpcomponents/httpclient/4.5.3/httpclient-4.5.3.jar:/home/olaszzsolti/.m2/repository/org/apache/httpcomponents/httpcore/4.4.6/httpcore-4.4.6.jar:/home/olaszzsolti/.m2/repository/com/squareup/okhttp3/okhttp/3.9.1/okhttp-3.9.1.jar:/home/olaszzsolti/.m2/repository/com/squareup/okio/okio/1.13.0/okio-1.13.0.jar:/home/olaszzsolti/.m2/repository/info/cukes/cucumber-java/1.2.5/cucumber-java-1.2.5.jar:/home/olaszzsolti/.m2/repository/info/cukes/cucumber-core/1.2.5/cucumber-core-1.2.5.jar:/home/olaszzsolti/.m2/repository/info/cukes/cucumber-html/0.2.3/cucumber-html-0.2.3.jar:/home/olaszzsolti/.m2/repository/info/cukes/gherkin/2.12.2/gherkin-2.12.2.jar:/home/olaszzsolti/.m2/repository/info/cukes/cucumber-jvm-deps/1.0.5/cucumber-jvm-deps-1.0.5.jar:/home/olaszzsolti/.m2/repository/info/cukes/cucumber-testng/1.2.5/cucumber-testng-1.2.5.jar:/home/olaszzsolti/.m2/repository/net/masterthought/cucumber-reporting/3.8.0/cucumber-reporting-3.8.0.jar:/home/olaszzsolti/.m2/repository/org/apache/logging/log4j/log4j-api/2.6/log4j-api-2.6.jar:/home/olaszzsolti/.m2/repository/org/apache/logging/log4j/log4j-core/2.6/log4j-core-2.6.jar:/home/olaszzsolti/.m2/repository/com/fasterxml/jackson/core/jackson-databind/2.8.5/jackson-databind-2.8.5.jar:/home/olaszzsolti/.m2/repository/com/fasterxml/jackson/core/jackson-annotations/2.8.0/jackson-annotations-2.8.0.jar:/home/olaszzsolti/.m2/repository/com/fasterxml/jackson/core/jackson-core/2.8.5/jackson-core-2.8.5.jar:/home/olaszzsolti/.m2/repository/org/apache/velocity/velocity/1.7/velocity-1.7.jar:/home/olaszzsolti/.m2/repository/commons-collections/commons-collections/3.2.1/commons-collections-3.2.1.jar:/home/olaszzsolti/.m2/repository/commons-lang/commons-lang/2.4/commons-lang-2.4.jar:/home/olaszzsolti/.m2/repository/velocity-tools/velocity-tools/1.4/velocity-tools-1.4.jar:/home/olaszzsolti/.m2/repository/joda-time/joda-time/2.9.6/joda-time-2.9.6.jar:/home/olaszzsolti/.m2/repository/org/apache/commons/commons-lang3/3.5/commons-lang3-3.5.jar:/home/olaszzsolti/.m2/repository/commons-io/commons-io/2.5/commons-io-2.5.jar:/home/olaszzsolti/.m2/repository/net/lingala/zip4j/zip4j/1.3.2/zip4j-1.3.2.jar:/home/olaszzsolti/.m2/repository/org/codehaus/plexus/plexus-utils/3.0.24/plexus-utils-3.0.24.jar:/home/olaszzsolti/.m2/repository/org/jsoup/jsoup/1.10.1/jsoup-1.10.1.jar:/home/olaszzsolti/.m2/repository/com/googlecode/owasp-java-html-sanitizer/owasp-java-html-sanitizer/20160924.1/owasp-java-html-sanitizer-20160924.1.jar:/home/olaszzsolti/.m2/repository/org/seleniumhq/selenium/selenium-chrome-driver/4.1.0/selenium-chrome-driver-4.1.0.jar:/home/olaszzsolti/.m2/repository/com/google/auto/service/auto-service-annotations/1.0.1/auto-service-annotations-1.0.1.jar:/home/olaszzsolti/.m2/repository/com/google/auto/service/auto-service/1.0.1/auto-service-1.0.1.jar:/home/olaszzsolti/.m2/repository/com/google/auto/auto-common/1.2/auto-common-1.2.jar:/home/olaszzsolti/.m2/repository/org/seleniumhq/selenium/selenium-chromium-driver/4.1.0/selenium-chromium-driver-4.1.0.jar:/home/olaszzsolti/.m2/repository/org/seleniumhq/selenium/selenium-json/4.1.0/selenium-json-4.1.0.jar:/home/olaszzsolti/.m2/repository/org/apache/maven/surefire/surefire-testng-utils/2.21.0/surefire-testng-utils-2.21.0.jar:/home/olaszzsolti/.m2/repository/org/apache/maven/surefire/surefire-grouper/2.21.0/surefire-grouper-2.21.0.jar:"/>
    <property name="java.vm.vendor" value="Ubuntu"/>
    <property name="sun.arch.data.model" value="64"/>
    <property name="java.vendor.url" value="https://ubuntu.com/"/>
    <property name="user.timezone" value=""/>
    <property name="java.vm.specification.version" value="11"/>
    <property name="os.name" value="Linux"/>
    <property name="sun.java.launcher" value="SUN_STANDARD"/>
    <property name="user.country" value="US"/>
    <property name="sun.boot.library.path" value="/usr/lib/jvm/java-11-openjdk-amd64/lib"/>
    <property name="sun.java.command" value="/home/olaszzsolti/IdeaProjects/passwordmanager/testing/target/surefire/surefirebooter13943170024098104407.jar /home/olaszzsolti/IdeaProjects/passwordmanager/testing/target/surefire 2022-02-07T17-07-32_807-jvmRun1 surefire4421856437991033557tmp surefire_01467648715188797473tmp"/>
    <property name="jdk.debug" value="release"/>
    <property name="surefire.test.class.path" value="/home/olaszzsolti/IdeaProjects/passwordmanager/testing/target/test-classes:/home/olaszzsolti/IdeaProjects/passwordmanager/testing/target/classes:/home/olaszzsolti/.m2/repository/org/testng/testng/6.14.3/testng-6.14.3.jar:/home/olaszzsolti/.m2/repository/com/beust/jcommander/1.72/jcommander-1.72.jar:/home/olaszzsolti/.m2/repository/org/apache-extras/beanshell/bsh/2.0b6/bsh-2.0b6.jar:/home/olaszzsolti/.m2/repository/org/seleniumhq/selenium/selenium-java/3.11.0/selenium-java-3.11.0.jar:/home/olaszzsolti/.m2/repository/org/seleniumhq/selenium/selenium-api/3.11.0/selenium-api-3.11.0.jar:/home/olaszzsolti/.m2/repository/org/seleniumhq/selenium/selenium-edge-driver/3.11.0/selenium-edge-driver-3.11.0.jar:/home/olaszzsolti/.m2/repository/org/seleniumhq/selenium/selenium-firefox-driver/3.11.0/selenium-firefox-driver-3.11.0.jar:/home/olaszzsolti/.m2/repository/org/seleniumhq/selenium/selenium-ie-driver/3.11.0/selenium-ie-driver-3.11.0.jar:/home/olaszzsolti/.m2/repository/org/seleniumhq/selenium/selenium-opera-driver/3.11.0/selenium-opera-driver-3.11.0.jar:/home/olaszzsolti/.m2/repository/org/seleniumhq/selenium/selenium-remote-driver/3.11.0/selenium-remote-driver-3.11.0.jar:/home/olaszzsolti/.m2/repository/org/seleniumhq/selenium/selenium-safari-driver/3.11.0/selenium-safari-driver-3.11.0.jar:/home/olaszzsolti/.m2/repository/org/seleniumhq/selenium/selenium-support/3.11.0/selenium-support-3.11.0.jar:/home/olaszzsolti/.m2/repository/net/bytebuddy/byte-buddy/1.7.9/byte-buddy-1.7.9.jar:/home/olaszzsolti/.m2/repository/org/apache/commons/commons-exec/1.3/commons-exec-1.3.jar:/home/olaszzsolti/.m2/repository/commons-codec/commons-codec/1.10/commons-codec-1.10.jar:/home/olaszzsolti/.m2/repository/commons-logging/commons-logging/1.2/commons-logging-1.2.jar:/home/olaszzsolti/.m2/repository/com/google/code/gson/gson/2.8.2/gson-2.8.2.jar:/home/olaszzsolti/.m2/repository/com/google/guava/guava/23.6-jre/guava-23.6-jre.jar:/home/olaszzsolti/.m2/repository/com/google/code/findbugs/jsr305/1.3.9/jsr305-1.3.9.jar:/home/olaszzsolti/.m2/repository/org/checkerframework/checker-compat-qual/2.0.0/checker-compat-qual-2.0.0.jar:/home/olaszzsolti/.m2/repository/com/google/errorprone/error_prone_annotations/2.1.3/error_prone_annotations-2.1.3.jar:/home/olaszzsolti/.m2/repository/com/google/j2objc/j2objc-annotations/1.1/j2objc-annotations-1.1.jar:/home/olaszzsolti/.m2/repository/org/codehaus/mojo/animal-sniffer-annotations/1.14/animal-sniffer-annotations-1.14.jar:/home/olaszzsolti/.m2/repository/org/apache/httpcomponents/httpclient/4.5.3/httpclient-4.5.3.jar:/home/olaszzsolti/.m2/repository/org/apache/httpcomponents/httpcore/4.4.6/httpcore-4.4.6.jar:/home/olaszzsolti/.m2/repository/com/squareup/okhttp3/okhttp/3.9.1/okhttp-3.9.1.jar:/home/olaszzsolti/.m2/repository/com/squareup/okio/okio/1.13.0/okio-1.13.0.jar:/home/olaszzsolti/.m2/repository/info/cukes/cucumber-java/1.2.5/cucumber-java-1.2.5.jar:/home/olaszzsolti/.m2/repository/info/cukes/cucumber-core/1.2.5/cucumber-core-1.2.5.jar:/home/olaszzsolti/.m2/repository/info/cukes/cucumber-html/0.2.3/cucumber-html-0.2.3.jar:/home/olaszzsolti/.m2/repository/info/cukes/gherkin/2.12.2/gherkin-2.12.2.jar:/home/olaszzsolti/.m2/repository/info/cukes/cucumber-jvm-deps/1.0.5/cucumber-jvm-deps-1.0.5.jar:/home/olaszzsolti/.m2/repository/info/cukes/cucumber-testng/1.2.5/cucumber-testng-1.2.5.jar:/home/olaszzsolti/.m2/repository/net/masterthought/cucumber-reporting/3.8.0/cucumber-reporting-3.8.0.jar:/home/olaszzsolti/.m2/repository/org/apache/logging/log4j/log4j-api/2.6/log4j-api-2.6.jar:/home/olaszzsolti/.m2/repository/org/apache/logging/log4j/log4j-core/2.6/log4j-core-2.6.jar:/home/olaszzsolti/.m2/repository/com/fasterxml/jackson/core/jackson-databind/2.8.5/jackson-databind-2.8.5.jar:/home/olaszzsolti/.m2/repository/com/fasterxml/jackson/core/jackson-annotations/2.8.0/jackson-annotations-2.8.0.jar:/home/olaszzsolti/.m2/repository/com/fasterxml/jackson/core/jackson-core/2.8.5/jackson-core-2.8.5.jar:/home/olaszzsolti/.m2/repository/org/apache/velocity/velocity/1.7/velocity-1.7.jar:/home/olaszzsolti/.m2/repository/commons-collections/commons-collections/3.2.1/commons-collections-3.2.1.jar:/home/olaszzsolti/.m2/repository/commons-lang/commons-lang/2.4/commons-lang-2.4.jar:/home/olaszzsolti/.m2/repository/velocity-tools/velocity-tools/1.4/velocity-tools-1.4.jar:/home/olaszzsolti/.m2/repository/joda-time/joda-time/2.9.6/joda-time-2.9.6.jar:/home/olaszzsolti/.m2/repository/org/apache/commons/commons-lang3/3.5/commons-lang3-3.5.jar:/home/olaszzsolti/.m2/repository/commons-io/commons-io/2.5/commons-io-2.5.jar:/home/olaszzsolti/.m2/repository/net/lingala/zip4j/zip4j/1.3.2/zip4j-1.3.2.jar:/home/olaszzsolti/.m2/repository/org/codehaus/plexus/plexus-utils/3.0.24/plexus-utils-3.0.24.jar:/home/olaszzsolti/.m2/repository/org/jsoup/jsoup/1.10.1/jsoup-1.10.1.jar:/home/olaszzsolti/.m2/repository/com/googlecode/owasp-java-html-sanitizer/owasp-java-html-sanitizer/20160924.1/owasp-java-html-sanitizer-20160924.1.jar:/home/olaszzsolti/.m2/repository/org/seleniumhq/selenium/selenium-chrome-driver/4.1.0/selenium-chrome-driver-4.1.0.jar:/home/olaszzsolti/.m2/repository/com/google/auto/service/auto-service-annotations/1.0.1/auto-service-annotations-1.0.1.jar:/home/olaszzsolti/.m2/repository/com/google/auto/service/auto-service/1.0.1/auto-service-1.0.1.jar:/home/olaszzsolti/.m2/repository/com/google/auto/auto-common/1.2/auto-common-1.2.jar:/home/olaszzsolti/.m2/repository/org/seleniumhq/selenium/selenium-chromium-driver/4.1.0/selenium-chromium-driver-4.1.0.jar:/home/olaszzsolti/.m2/repository/org/seleniumhq/selenium/selenium-json/4.1.0/selenium-json-4.1.0.jar:/home/olaszzsolti/.m2/repository/org/apache/maven/surefire/surefire-testng-utils/2.21.0/surefire-testng-utils-2.21.0.jar:/home/olaszzsolti/.m2/repository/org/apache/maven/surefire/surefire-grouper/2.21.0/surefire-grouper-2.21.0.jar:"/>
    <property name="sun.cpu.endian" value="little"/>
    <property name="user.home" value="/home/olaszzsolti"/>
    <property name="user.language" value="en"/>
    <property name="java.specification.vendor" value="Oracle Corporation"/>
    <property name="java.version.date" value="2021-10-19"/>
    <property name="java.home" value="/usr/lib/jvm/java-11-openjdk-amd64"/>
    <property name="file.separator" value="/"/>
    <property name="basedir" value="/home/olaszzsolti/IdeaProjects/passwordmanager/testing"/>
    <property name="java.vm.compressedOopsMode" value="Zero based"/>
    <property name="line.separator" value="&#10;"/>
    <property name="java.specification.name" value="Java Platform API Specification"/>
    <property name="java.vm.specification.vendor" value="Oracle Corporation"/>
    <property name="java.awt.graphicsenv" value="sun.awt.X11GraphicsEnvironment"/>
    <property name="surefire.real.class.path" value="/home/olaszzsolti/IdeaProjects/passwordmanager/testing/target/surefire/surefirebooter13943170024098104407.jar"/>
    <property name="sun.management.compiler" value="HotSpot 64-Bit Tiered Compilers"/>
    <property name="java.runtime.version" value="11.0.13+8-Ubuntu-0ubuntu1.20.04"/>
    <property name="user.name" value="olaszzsolti"/>
    <property name="path.separator" value=":"/>
    <property name="os.version" value="5.13.0-28-generic"/>
    <property name="java.runtime.name" value="OpenJDK Runtime Environment"/>
    <property name="file.encoding" value="UTF-8"/>
    <property name="java.vm.name" value="OpenJDK 64-Bit Server VM"/>
    <property name="localRepository" value="/home/olaszzsolti/.m2/repository"/>
    <property name="java.vendor.url.bug" value="https://bugs.launchpad.net/ubuntu/+source/openjdk-lts"/>
    <property name="java.io.tmpdir" value="/tmp"/>
    <property name="java.version" value="11.0.13"/>
    <property name="user.dir" value="/home/olaszzsolti/IdeaProjects/passwordmanager/testing"/>
    <property name="os.arch" value="amd64"/>
    <property name="java.vm.specification.name" value="Java Virtual Machine Specification"/>
    <property name="java.awt.printerjob" value="sun.print.PSPrinterJob"/>
    <property name="sun.os.patch.level" value="unknown"/>
    <property name="java.library.path" value="/usr/java/packages/lib:/usr/lib/x86_64-linux-gnu/jni:/lib/x86_64-linux-gnu:/usr/lib/x86_64-linux-gnu:/usr/lib/jni:/lib:/usr/lib"/>
    <property name="java.vm.info" value="mixed mode, sharing"/>
    <property name="java.vendor" value="Ubuntu"/>
    <property name="java.vm.version" value="11.0.13+8-Ubuntu-0ubuntu1.20.04"/>
    <property name="sun.io.unicode.encoding" value="UnicodeLittle"/>
    <property name="java.class.version" value="55.0"/>
  </properties>
  <testcase name="feature" classname="MyRunner.TestRunner" time="11.463"/>
</testsuite>