<?xml version="1.0" encoding="UTF-8"?>
<!-- Generated by org.testng.reporters.JUnitReportReporter -->
<testsuite hostname="olaszzsolti-HP-ProBook-450-G6" failures="0" tests="1" name="MyRunner.TestRunner" time="11.457" errors="0" timestamp="07 Feb 2022 16:07:45 GMT" skipped="0">
  <testcase classname="MyRunner.TestRunner" name="feature" time="11.457"/>
</testsuite> <!-- MyRunner.TestRunner -->
